<?xml version="1.0" encoding="UTF-8"?>
<coverage generated="1697583548090" clover="3.2.0">
  <project timestamp="1697583548090" name="All files">
    <metrics statements="25" coveredstatements="21" conditionals="4" coveredconditionals="4" methods="5" coveredmethods="4" elements="34" coveredelements="29" complexity="0" loc="25" ncloc="25" packages="1" files="1" classes="1"/>
    <file name="markov.js" path="/Users/Matt/rithm/exercises/node-markov/markov.js">
      <metrics statements="25" coveredstatements="21" conditionals="4" coveredconditionals="4" methods="5" coveredmethods="4"/>
      <line num="2" count="1" type="stmt"/>
      <line num="11" count="3" type="stmt"/>
      <line num="12" count="3" type="stmt"/>
      <line num="30" count="3" type="stmt"/>
      <line num="32" count="3" type="stmt"/>
      <line num="33" count="24" type="stmt"/>
      <line num="34" count="24" type="cond" truecount="2" falsecount="0"/>
      <line num="36" count="24" type="cond" truecount="2" falsecount="0"/>
      <line num="37" count="17" type="stmt"/>
      <line num="40" count="24" type="stmt"/>
      <line num="42" count="3" type="stmt"/>
      <line num="53" count="2" type="stmt"/>
      <line num="54" count="2" type="stmt"/>
      <line num="56" count="2" type="stmt"/>
      <line num="57" count="19" type="stmt"/>
      <line num="58" count="19" type="stmt"/>
      <line num="59" count="19" type="stmt"/>
      <line num="62" count="2" type="stmt"/>
      <line num="71" count="19" type="stmt"/>
      <line num="72" count="19" type="stmt"/>
      <line num="80" count="0" type="stmt"/>
      <line num="81" count="0" type="stmt"/>
      <line num="82" count="0" type="stmt"/>
      <line num="84" count="0" type="stmt"/>
      <line num="89" count="1" type="stmt"/>
    </file>
  </project>
</coverage>
