{"/Users/Matt/rithm/exercises/node-markov/markov.js": {"path":"/Users/Matt/rithm/exercises/node-markov/markov.js","statementMap":{"0":{"start":{"line":2,"column":12},"end":{"line":2,"column":34}},"1":{"start":{"line":11,"column":4},"end":{"line":11,"column":40}},"2":{"start":{"line":12,"column":4},"end":{"line":12,"column":35}},"3":{"start":{"line":30,"column":19},"end":{"line":30,"column":21}},"4":{"start":{"line":32,"column":4},"end":{"line":41,"column":5}},"5":{"start":{"line":32,"column":17},"end":{"line":32,"column":18}},"6":{"start":{"line":33,"column":19},"end":{"line":33,"column":32}},"7":{"start":{"line":34,"column":23},"end":{"line":34,"column":48}},"8":{"start":{"line":36,"column":6},"end":{"line":38,"column":7}},"9":{"start":{"line":37,"column":8},"end":{"line":37,"column":26}},"10":{"start":{"line":40,"column":6},"end":{"line":40,"column":34}},"11":{"start":{"line":42,"column":4},"end":{"line":42,"column":18}},"12":{"start":{"line":53,"column":22},"end":{"line":53,"column":35}},"13":{"start":{"line":54,"column":19},"end":{"line":54,"column":21}},"14":{"start":{"line":56,"column":4},"end":{"line":60,"column":5}},"15":{"start":{"line":57,"column":6},"end":{"line":57,"column":31}},"16":{"start":{"line":58,"column":24},"end":{"line":58,"column":48}},"17":{"start":{"line":59,"column":6},"end":{"line":59,"column":49}},"18":{"start":{"line":62,"column":4},"end":{"line":62,"column":28}},"19":{"start":{"line":71,"column":24},"end":{"line":71,"column":68}},"20":{"start":{"line":72,"column":4},"end":{"line":72,"column":34}},"21":{"start":{"line":80,"column":4},"end":{"line":85,"column":5}},"22":{"start":{"line":81,"column":20},"end":{"line":81,"column":52}},"23":{"start":{"line":82,"column":6},"end":{"line":82,"column":21}},"24":{"start":{"line":84,"column":6},"end":{"line":84,"column":22}},"25":{"start":{"line":89,"column":0},"end":{"line":91,"column":2}}},"fnMap":{"0":{"name":"(anonymous_0)","decl":{"start":{"line":8,"column":2},"end":{"line":8,"column":3}},"loc":{"start":{"line":8,"column":20},"end":{"line":13,"column":3}},"line":8},"1":{"name":"(anonymous_1)","decl":{"start":{"line":29,"column":2},"end":{"line":29,"column":3}},"loc":{"start":{"line":29,"column":14},"end":{"line":43,"column":3}},"line":29},"2":{"name":"(anonymous_2)","decl":{"start":{"line":48,"column":2},"end":{"line":48,"column":3}},"loc":{"start":{"line":48,"column":12},"end":{"line":64,"column":3}},"line":48},"3":{"name":"(anonymous_3)","decl":{"start":{"line":70,"column":2},"end":{"line":70,"column":3}},"loc":{"start":{"line":70,"column":26},"end":{"line":73,"column":3}},"line":70},"4":{"name":"(anonymous_4)","decl":{"start":{"line":79,"column":2},"end":{"line":79,"column":3}},"loc":{"start":{"line":79,"column":32},"end":{"line":86,"column":3}},"line":79}},"branchMap":{"0":{"loc":{"start":{"line":34,"column":23},"end":{"line":34,"column":48}},"type":"binary-expr","locations":[{"start":{"line":34,"column":23},"end":{"line":34,"column":40}},{"start":{"line":34,"column":44},"end":{"line":34,"column":48}}],"line":34},"1":{"loc":{"start":{"line":36,"column":6},"end":{"line":38,"column":7}},"type":"if","locations":[{"start":{"line":36,"column":6},"end":{"line":38,"column":7}},{"start":{},"end":{}}],"line":36}},"s":{"0":1,"1":3,"2":3,"3":3,"4":3,"5":3,"6":24,"7":24,"8":24,"9":17,"10":24,"11":3,"12":2,"13":2,"14":2,"15":19,"16":19,"17":19,"18":2,"19":19,"20":19,"21":0,"22":0,"23":0,"24":0,"25":1},"f":{"0":3,"1":3,"2":2,"3":19,"4":0},"b":{"0":[24,3],"1":[17,7]},"_coverageSchema":"1a1c01bbd47fc00a2c39e90264f33305004495a9","hash":"0d0f33b9433c98c5aeea41840a45cce416849d7a"}
}
