TN:
SF:markov.js
FN:8,(anonymous_0)
FN:29,(anonymous_1)
FN:48,(anonymous_2)
FN:70,(anonymous_3)
FN:79,(anonymous_4)
FNF:5
FNH:4
FNDA:3,(anonymous_0)
FNDA:3,(anonymous_1)
FNDA:2,(anonymous_2)
FNDA:19,(anonymous_3)
FNDA:0,(anonymous_4)
DA:2,1
DA:11,3
DA:12,3
DA:30,3
DA:32,3
DA:33,24
DA:34,24
DA:36,24
DA:37,17
DA:40,24
DA:42,3
DA:53,2
DA:54,2
DA:56,2
DA:57,19
DA:58,19
DA:59,19
DA:62,2
DA:71,19
DA:72,19
DA:80,0
DA:81,0
DA:82,0
DA:84,0
DA:89,1
LF:25
LH:21
BRDA:34,0,0,24
BRDA:34,0,1,3
BRDA:36,1,0,17
BRDA:36,1,1,7
BRF:4
BRH:4
end_of_record
